<?xml version="1.0" encoding="UTF-8"?>
<!-- Generated by org.testng.reporters.JUnitXMLReporter -->
<testsuite hostname="ip-172-31-81-201" ignored="2" name="Test" tests="1" failures="0" timestamp="2021-10-25T06:58:43 UTC" time="0.044" errors="0">
  <testcase name="CreditcardTest" time="0.004" classname="Test.Testcase2"/>
  <testcase name="CarLoanTest" time="0.0" classname="Test.Testcase1">
    <ignored/>
  </testcase> <!-- CarLoanTest -->
  <testcase name="HomeLoanTest" time="0.0" classname="Test.Testcase1">
    <ignored/>
  </testcase> <!-- HomeLoanTest -->
</testsuite> <!-- Test -->
