<?xml version="1.0" encoding="UTF-8"?>
<testng-results skipped="0" failed="0" ignored="2" total="3" passed="1">
  <reporter-output>
  </reporter-output>
  <suite name="Suite" duration-ms="44" started-at="2021-10-25T06:58:43 UTC" finished-at="2021-10-25T06:58:43 UTC">
    <groups>
      <group name="sanity">
        <method signature="Testcase2.CreditcardTest()[pri:0, instance:Test.Testcase2@17d677df]" name="CreditcardTest" class="Test.Testcase2"/>
      </group> <!-- sanity -->
    </groups>
    <test name="Test" duration-ms="44" started-at="2021-10-25T06:58:43 UTC" finished-at="2021-10-25T06:58:43 UTC">
      <class name="Test.Testcase2">
        <test-method status="PASS" signature="BeforeClassM()[pri:0, instance:Test.Testcase2@17d677df]" name="BeforeClassM" is-config="true" duration-ms="8" started-at="2021-10-25T06:58:43 UTC" finished-at="2021-10-25T06:58:43 UTC">
          <reporter-output>
          </reporter-output>
        </test-method> <!-- BeforeClassM -->
        <test-method status="PASS" signature="CreditcardTest()[pri:0, instance:Test.Testcase2@17d677df]" name="CreditcardTest" duration-ms="4" started-at="2021-10-25T06:58:43 UTC" finished-at="2021-10-25T06:58:43 UTC">
          <reporter-output>
          </reporter-output>
        </test-method> <!-- CreditcardTest -->
      </class> <!-- Test.Testcase2 -->
    </test> <!-- Test -->
  </suite> <!-- Suite -->
</testng-results>
